#! /c/Source/iverilog-install/bin/vvp
:ivl_version "12.0 (devel)" "(s20150603-1539-g2693dd32b)";
:ivl_delay_selection "TYPICAL";
:vpi_time_precision - 12;
:vpi_module "C:\iverilog\lib\ivl\system.vpi";
:vpi_module "C:\iverilog\lib\ivl\vhdl_sys.vpi";
:vpi_module "C:\iverilog\lib\ivl\vhdl_textio.vpi";
:vpi_module "C:\iverilog\lib\ivl\v2005_math.vpi";
:vpi_module "C:\iverilog\lib\ivl\va_math.vpi";
S_000001bf7ac9bac0 .scope module, "test" "test" 2 2;
 .timescale -12 -12;
v000001bf7ac9e8d0_0 .var "clk", 0 0;
v000001bf7ac9e970_0 .var "coin10", 0 0;
v000001bf7ad34000_0 .var "coin5", 0 0;
v000001bf7ad340a0_0 .net "dispense", 0 0, v000001bf7ac9e6f0_0;  1 drivers
v000001bf7ad34140_0 .var "reset", 0 0;
S_000001bf7ac9bc50 .scope module, "uut" "vending_machine" 2 8, 3 1 0, S_000001bf7ac9bac0;
 .timescale 0 0;
    .port_info 0 /INPUT 1 "clk";
    .port_info 1 /INPUT 1 "reset";
    .port_info 2 /INPUT 1 "coin5";
    .port_info 3 /INPUT 1 "coin10";
    .port_info 4 /OUTPUT 1 "dispense";
P_000001bf7ac9a9a0 .param/l "s0" 0 3 6, C4<00>;
P_000001bf7ac9a9d8 .param/l "s10" 0 3 8, C4<10>;
P_000001bf7ac9aa10 .param/l "s15" 0 3 9, C4<11>;
P_000001bf7ac9aa48 .param/l "s5" 0 3 7, C4<01>;
v000001bf7ac9e5b0_0 .net "clk", 0 0, v000001bf7ac9e8d0_0;  1 drivers
v000001bf7acb30e0_0 .net "coin10", 0 0, v000001bf7ac9e970_0;  1 drivers
v000001bf7ac9e650_0 .net "coin5", 0 0, v000001bf7ad34000_0;  1 drivers
v000001bf7ac9e6f0_0 .var "dispense", 0 0;
v000001bf7ac9e790_0 .net "reset", 0 0, v000001bf7ad34140_0;  1 drivers
v000001bf7ac9e830_0 .var "state", 1 0;
E_000001bf7ac9b880 .event posedge, v000001bf7ac9e790_0, v000001bf7ac9e5b0_0;
    .scope S_000001bf7ac9bc50;
T_0 ;
    %wait E_000001bf7ac9b880;
    %load/vec4 v000001bf7ac9e790_0;
    %flag_set/vec4 8;
    %jmp/0xz  T_0.0, 8;
    %pushi/vec4 0, 0, 2;
    %assign/vec4 v000001bf7ac9e830_0, 0;
    %pushi/vec4 0, 0, 1;
    %assign/vec4 v000001bf7ac9e6f0_0, 0;
    %jmp T_0.1;
T_0.0 ;
    %pushi/vec4 0, 0, 1;
    %assign/vec4 v000001bf7ac9e6f0_0, 0;
    %load/vec4 v000001bf7ac9e830_0;
    %dup/vec4;
    %pushi/vec4 0, 0, 2;
    %cmp/u;
    %jmp/1 T_0.2, 6;
    %dup/vec4;
    %pushi/vec4 1, 0, 2;
    %cmp/u;
    %jmp/1 T_0.3, 6;
    %dup/vec4;
    %pushi/vec4 2, 0, 2;
    %cmp/u;
    %jmp/1 T_0.4, 6;
    %dup/vec4;
    %pushi/vec4 3, 0, 2;
    %cmp/u;
    %jmp/1 T_0.5, 6;
    %jmp T_0.6;
T_0.2 ;
    %load/vec4 v000001bf7ac9e650_0;
    %flag_set/vec4 8;
    %jmp/0xz  T_0.7, 8;
    %pushi/vec4 1, 0, 2;
    %assign/vec4 v000001bf7ac9e830_0, 0;
    %jmp T_0.8;
T_0.7 ;
    %load/vec4 v000001bf7acb30e0_0;
    %flag_set/vec4 8;
    %jmp/0xz  T_0.9, 8;
    %pushi/vec4 2, 0, 2;
    %assign/vec4 v000001bf7ac9e830_0, 0;
T_0.9 ;
T_0.8 ;
    %jmp T_0.6;
T_0.3 ;
    %load/vec4 v000001bf7ac9e650_0;
    %flag_set/vec4 8;
    %jmp/0xz  T_0.11, 8;
    %pushi/vec4 2, 0, 2;
    %assign/vec4 v000001bf7ac9e830_0, 0;
    %jmp T_0.12;
T_0.11 ;
    %load/vec4 v000001bf7acb30e0_0;
    %flag_set/vec4 8;
    %jmp/0xz  T_0.13, 8;
    %pushi/vec4 3, 0, 2;
    %assign/vec4 v000001bf7ac9e830_0, 0;
T_0.13 ;
T_0.12 ;
    %jmp T_0.6;
T_0.4 ;
    %load/vec4 v000001bf7ac9e650_0;
    %flag_set/vec4 8;
    %jmp/1 T_0.17, 8;
    %load/vec4 v000001bf7acb30e0_0;
    %flag_set/vec4 9;
    %flag_or 8, 9;
T_0.17;
    %jmp/0xz  T_0.15, 8;
    %pushi/vec4 3, 0, 2;
    %assign/vec4 v000001bf7ac9e830_0, 0;
T_0.15 ;
    %jmp T_0.6;
T_0.5 ;
    %pushi/vec4 1, 0, 1;
    %assign/vec4 v000001bf7ac9e6f0_0, 0;
    %pushi/vec4 0, 0, 2;
    %assign/vec4 v000001bf7ac9e830_0, 0;
    %jmp T_0.6;
T_0.6 ;
    %pop/vec4 1;
T_0.1 ;
    %jmp T_0;
    .thread T_0;
    .scope S_000001bf7ac9bac0;
T_1 ;
    %delay 5, 0;
    %load/vec4 v000001bf7ac9e8d0_0;
    %inv;
    %store/vec4 v000001bf7ac9e8d0_0, 0, 1;
    %jmp T_1;
    .thread T_1;
    .scope S_000001bf7ac9bac0;
T_2 ;
    %vpi_call 2 13 "$dumpfile", "dump.vcd" {0 0 0};
    %vpi_call 2 14 "$dumpvars", 32'sb00000000000000000000000000000000, S_000001bf7ac9bac0 {0 0 0};
    %pushi/vec4 0, 0, 1;
    %store/vec4 v000001bf7ac9e8d0_0, 0, 1;
    %pushi/vec4 1, 0, 1;
    %store/vec4 v000001bf7ad34140_0, 0, 1;
    %pushi/vec4 0, 0, 1;
    %store/vec4 v000001bf7ad34000_0, 0, 1;
    %pushi/vec4 0, 0, 1;
    %store/vec4 v000001bf7ac9e970_0, 0, 1;
    %delay 10, 0;
    %pushi/vec4 0, 0, 1;
    %store/vec4 v000001bf7ad34140_0, 0, 1;
    %delay 10, 0;
    %pushi/vec4 1, 0, 1;
    %store/vec4 v000001bf7ad34000_0, 0, 1;
    %delay 10, 0;
    %pushi/vec4 0, 0, 1;
    %store/vec4 v000001bf7ad34000_0, 0, 1;
    %delay 10, 0;
    %pushi/vec4 1, 0, 1;
    %store/vec4 v000001bf7ac9e970_0, 0, 1;
    %delay 10, 0;
    %pushi/vec4 1, 0, 1;
    %store/vec4 v000001bf7ac9e970_0, 0, 1;
    %delay 30, 0;
    %pushi/vec4 1, 0, 1;
    %store/vec4 v000001bf7ac9e970_0, 0, 1;
    %delay 10, 0;
    %pushi/vec4 0, 0, 1;
    %store/vec4 v000001bf7ac9e970_0, 0, 1;
    %delay 10, 0;
    %pushi/vec4 1, 0, 1;
    %store/vec4 v000001bf7ad34000_0, 0, 1;
    %delay 10, 0;
    %pushi/vec4 0, 0, 1;
    %store/vec4 v000001bf7ad34000_0, 0, 1;
    %delay 50, 0;
    %vpi_call 2 33 "$finish" {0 0 0};
    %end;
    .thread T_2;
# The file index is used to find the file name in the following table.
:file_names 4;
    "N/A";
    "<interactive>";
    "testbench.v";
    "design.v";
